[2026-07-13T04:47:30.844Z] Starting Website Cloner Pro {"targetUrl":"https://es.jcci.org.sa/files-portal/U2FsdGVkX1_Stmj8z2ZO1120kZBNgAbUQOrF9QCZ_HGXGdE6r14q851ZJUxEa2LKp8YDRxqzaCf3hBGS9a3GtjdYgw","outDir":"C:\\Users\\mahmo\\Desktop\\react-cloner-pro-v5\\react-cloner\\output","maxPages":100}
[2026-07-13T04:47:32.909Z] Saved file {"file":"assets/favicon.ico","bytes":103373}
[2026-07-13T04:47:32.911Z] Downloaded special file {"url":"https://es.jcci.org.sa/favicon.ico","dest":"assets/favicon.ico"}
[2026-07-13T04:47:33.733Z] Crawling page {"url":"https://es.jcci.org.sa/files-portal/U2FsdGVkX1_Stmj8z2ZO1120kZBNgAbUQOrF9QCZ_HGXGdE6r14q851ZJUxEa2LKp8YDRxqzaCf3hBGS9a3GtjdYgw","depth":0}
[2026-07-13T04:47:34.756Z] Saved file {"file":"js/runtime.0edfa9919ae05899.js","bytes":4022}
[2026-07-13T04:47:34.760Z] Byte-identical JS verified {"file":"js/runtime.0edfa9919ae05899.js","url":"https://es.jcci.org.sa/runtime.0edfa9919ae05899.js","ok":true,"bytes":4022,"sourceSha256":"b8917019c8c614c9cafe9cf79cf4caa5e947d671075fd321ff825d587a64e956","savedSha256":"b8917019c8c614c9cafe9cf79cf4caa5e947d671075fd321ff825d587a64e956"}
[2026-07-13T04:47:35.218Z] Saved file {"file":"css/ajax/libs/font-awesome/4.7.0/css/font-awesome.min.css","bytes":31000}
[2026-07-13T04:47:35.346Z] Saved file {"file":"js/polyfills.42f2273b4b2ad4d5.js","bytes":35239}
[2026-07-13T04:47:35.354Z] Byte-identical JS verified {"file":"js/polyfills.42f2273b4b2ad4d5.js","url":"https://es.jcci.org.sa/polyfills.42f2273b4b2ad4d5.js","ok":true,"bytes":35239,"sourceSha256":"ed913ae47997fed401673cf10a34b0f309f4aa9c3e59b922fa385b50a7fde23b","savedSha256":"ed913ae47997fed401673cf10a34b0f309f4aa9c3e59b922fa385b50a7fde23b"}
[2026-07-13T04:47:36.236Z] Saved file {"file":"js/scripts.fde64f2b91915339.js","bytes":499068}
[2026-07-13T04:47:36.243Z] Byte-identical JS verified {"file":"js/scripts.fde64f2b91915339.js","url":"https://es.jcci.org.sa/scripts.fde64f2b91915339.js","ok":true,"bytes":499068,"sourceSha256":"e44e9540409a2cf5fff4f0ce80f250adff5a475cc3e4602ea7d7f7b2e0684dd2","savedSha256":"e44e9540409a2cf5fff4f0ce80f250adff5a475cc3e4602ea7d7f7b2e0684dd2"}
[2026-07-13T04:47:36.327Z] Saved file {"file":"fonts/Tajawal-Regular.c926d31bbb85e9a4.otf","bytes":83116}
[2026-07-13T04:47:36.416Z] Saved file {"file":"css/styles.0061646dd92f4e03.css","bytes":1096642}
[2026-07-13T04:47:37.674Z] Saved file {"file":"js/eKoopmans/html2pdf/master/dist/html2pdf.bundle.js","bytes":2008462}
[2026-07-13T04:47:37.696Z] Byte-identical JS verified {"file":"js/eKoopmans/html2pdf/master/dist/html2pdf.bundle.js","url":"https://raw.githack.com/eKoopmans/html2pdf/master/dist/html2pdf.bundle.js","ok":true,"bytes":2008462,"sourceSha256":"49ca0e8cf21ebec37af15f98ce533edd51afb34f6e32b8ae2fe407aa09c6763f","savedSha256":"49ca0e8cf21ebec37af15f98ce533edd51afb34f6e32b8ae2fe407aa09c6763f"}
[2026-07-13T04:47:38.906Z] Browser console {"type":"log","text":"unknown"}
[2026-07-13T04:47:38.911Z] Browser console {"type":"log","text":""}
[2026-07-13T04:47:39.672Z] Saved file {"file":"js/main.322028314028c71d.js","bytes":7105291}
[2026-07-13T04:47:39.844Z] Byte-identical JS verified {"file":"js/main.322028314028c71d.js","url":"https://es.jcci.org.sa/main.322028314028c71d.js","ok":true,"bytes":7105291,"sourceSha256":"e42452ce5479e0b0416d9c92fdc109d0b4751e610a3fc7bfc79e2e606d5ecffd","savedSha256":"e42452ce5479e0b0416d9c92fdc109d0b4751e610a3fc7bfc79e2e606d5ecffd"}
[2026-07-13T04:47:39.907Z] Saved file {"file":"assets/i18n/en.json","bytes":20}
[2026-07-13T04:47:39.925Z] Saved file {"file":"assets/i18n/ar.json","bytes":32}
[2026-07-13T04:47:39.971Z] Saved file {"file":"assets/images/chambers-logo/JeddahChamber-WhiteLogo.svg","bytes":396218}
[2026-07-13T04:47:40.514Z] Saved file {"file":"api/871/client/features.json","bytes":896}
[2026-07-13T04:47:43.204Z] Browser console {"type":"log","text":"url blob:https://es.jcci.org.sa/d6bb59b2-8369-4fdf-9edc-6e26713e9aa4"}
[2026-07-13T04:47:43.230Z] Browser console {"type":"log","text":"Warning: Setting up fake worker."}
[2026-07-13T04:47:43.322Z] Browser console {"type":"error","text":"ERROR TypeError: Cannot read properties of undefined (reading 'nativeElement')\n    at Object.next (https://es.jcci.org.sa/main.322028314028c71d.js:2449:415900)\n    at Object.next (https://es.jcci.org.sa/main.322028314028c71d.js:2449:2607524)\n    at c._next (https://es.jcci.org.sa/main.322028314028c71d.js:2449:2607012)\n    at c.next (https://es.jcci.org.sa/main.322028314028c71d.js:2449:2606704)\n    at https://es.jcci.org.sa/main.322028314028c71d.js:2449:2618688\n    at R._next (https://es.jcci.org"}
[2026-07-13T04:47:43.575Z] Saved file {"file":"api/backend/api/MyDocuments/ViewDocumentV2.json","bytes":665797}
[2026-07-13T04:47:43.931Z] Saved file {"file":"api/https/es.jcci.org.sa/d6bb59b2-8369-4fdf-9edc-6e26713e9aa4.json","bytes":665184}
[2026-07-13T04:47:44.377Z] Saved file {"file":"fonts/Tajawal-Bold.a38b4347c7faf820.otf","bytes":87596}
[2026-07-13T04:47:44.846Z] Auto scrolling page
[2026-07-13T04:47:47.324Z] Expanding interactive content
[2026-07-13T04:47:47.334Z] Interaction pass complete {"pass":1,"clicked":0}
[2026-07-13T04:47:48.239Z] Auto scrolling page
[2026-07-13T04:47:52.027Z] ERROR Request failed {"url":"https://es.jcci.org.sa/fa-duotone-900.fea2360d17b96439.woff2","method":"GET","type":"font","failure":{"errorText":"net::ERR_ABORTED"}}
[2026-07-13T04:47:52.302Z] Saved file {"file":"js/eKoopmans/html2pdf/master/dist/html2pdf.bundle.js","bytes":2008462}
[2026-07-13T04:47:52.357Z] Byte-identical JS verified {"file":"js/eKoopmans/html2pdf/master/dist/html2pdf.bundle.js","url":"https://raw.githack.com/eKoopmans/html2pdf/master/dist/html2pdf.bundle.js","ok":true,"bytes":2008462,"sourceSha256":"49ca0e8cf21ebec37af15f98ce533edd51afb34f6e32b8ae2fe407aa09c6763f","savedSha256":"49ca0e8cf21ebec37af15f98ce533edd51afb34f6e32b8ae2fe407aa09c6763f"}
[2026-07-13T04:47:52.415Z] Saved file {"file":"js/runtime.0edfa9919ae05899.js","bytes":4022}
[2026-07-13T04:47:52.422Z] Byte-identical JS verified {"file":"js/runtime.0edfa9919ae05899.js","url":"https://es.jcci.org.sa/runtime.0edfa9919ae05899.js","ok":true,"bytes":4022,"sourceSha256":"b8917019c8c614c9cafe9cf79cf4caa5e947d671075fd321ff825d587a64e956","savedSha256":"b8917019c8c614c9cafe9cf79cf4caa5e947d671075fd321ff825d587a64e956"}
[2026-07-13T04:47:52.543Z] Saved file {"file":"js/polyfills.42f2273b4b2ad4d5.js","bytes":35239}
[2026-07-13T04:47:52.630Z] Byte-identical JS verified {"file":"js/polyfills.42f2273b4b2ad4d5.js","url":"https://es.jcci.org.sa/polyfills.42f2273b4b2ad4d5.js","ok":true,"bytes":35239,"sourceSha256":"ed913ae47997fed401673cf10a34b0f309f4aa9c3e59b922fa385b50a7fde23b","savedSha256":"ed913ae47997fed401673cf10a34b0f309f4aa9c3e59b922fa385b50a7fde23b"}
[2026-07-13T04:47:53.040Z] Saved file {"file":"js/scripts.fde64f2b91915339.js","bytes":499068}
[2026-07-13T04:47:53.053Z] Byte-identical JS verified {"file":"js/scripts.fde64f2b91915339.js","url":"https://es.jcci.org.sa/scripts.fde64f2b91915339.js","ok":true,"bytes":499068,"sourceSha256":"e44e9540409a2cf5fff4f0ce80f250adff5a475cc3e4602ea7d7f7b2e0684dd2","savedSha256":"e44e9540409a2cf5fff4f0ce80f250adff5a475cc3e4602ea7d7f7b2e0684dd2"}
[2026-07-13T04:47:53.317Z] Saved file {"file":"js/main.322028314028c71d.js","bytes":7105291}
[2026-07-13T04:47:53.396Z] Byte-identical JS verified {"file":"js/main.322028314028c71d.js","url":"https://es.jcci.org.sa/main.322028314028c71d.js","ok":true,"bytes":7105291,"sourceSha256":"e42452ce5479e0b0416d9c92fdc109d0b4751e610a3fc7bfc79e2e606d5ecffd","savedSha256":"e42452ce5479e0b0416d9c92fdc109d0b4751e610a3fc7bfc79e2e606d5ecffd"}
[2026-07-13T04:47:53.431Z] Browser console {"type":"log","text":"unknown"}
[2026-07-13T04:47:53.452Z] Browser console {"type":"log","text":""}
[2026-07-13T04:47:53.703Z] Saved file {"file":"js/eKoopmans/html2pdf/master/dist/html2pdf.bundle.js","bytes":2008462}
[2026-07-13T04:47:53.726Z] Byte-identical JS verified {"file":"js/eKoopmans/html2pdf/master/dist/html2pdf.bundle.js","url":"https://raw.githack.com/eKoopmans/html2pdf/master/dist/html2pdf.bundle.js","ok":true,"bytes":2008462,"sourceSha256":"49ca0e8cf21ebec37af15f98ce533edd51afb34f6e32b8ae2fe407aa09c6763f","savedSha256":"49ca0e8cf21ebec37af15f98ce533edd51afb34f6e32b8ae2fe407aa09c6763f"}
[2026-07-13T04:47:53.799Z] Saved file {"file":"fonts/fa-duotone-900.fea2360d17b96439.woff2","bytes":394944}
[2026-07-13T04:47:57.043Z] Browser console {"type":"log","text":"url blob:https://es.jcci.org.sa/866f08f6-e62f-46d6-a36c-a4ffa5e20a7b"}
[2026-07-13T04:47:57.048Z] Browser console {"type":"log","text":"Warning: Setting up fake worker."}
[2026-07-13T04:47:57.174Z] Browser console {"type":"error","text":"ERROR TypeError: Cannot read properties of undefined (reading 'nativeElement')\n    at Object.next (https://es.jcci.org.sa/main.322028314028c71d.js:2449:415900)\n    at Object.next (https://es.jcci.org.sa/main.322028314028c71d.js:2449:2607524)\n    at c._next (https://es.jcci.org.sa/main.322028314028c71d.js:2449:2607012)\n    at c.next (https://es.jcci.org.sa/main.322028314028c71d.js:2449:2606704)\n    at https://es.jcci.org.sa/main.322028314028c71d.js:2449:2618688\n    at R._next (https://es.jcci.org"}
[2026-07-13T04:47:57.592Z] Saved file {"file":"api/https/es.jcci.org.sa/866f08f6-e62f-46d6-a36c-a4ffa5e20a7b.json","bytes":665192}
[2026-07-13T04:47:57.681Z] Auto scrolling page
[2026-07-13T04:47:58.183Z] Expanding interactive content
[2026-07-13T04:47:58.203Z] Interaction pass complete {"pass":1,"clicked":0}
[2026-07-13T04:47:59.125Z] Auto scrolling page
[2026-07-13T04:48:00.889Z] Saved file {"file":"js/assets/js/intercom.js","bytes":906}
[2026-07-13T04:48:02.086Z] Saved file {"file":"js/assets/lib/js/pdf.js","bytes":516024}
[2026-07-13T04:48:03.029Z] Saved file {"file":"fonts/Tajawal-Light.66722e09412e4348.otf","bytes":82292}
[2026-07-13T04:48:03.361Z] Saved file {"file":"fonts/Tajawal-Medium.a87ad9852ed65aa3.otf","bytes":84056}
[2026-07-13T04:48:03.692Z] Saved file {"file":"fonts/Tajawal-ExtraBold.80a3e7cd41c32377.otf","bytes":98372}
[2026-07-13T04:48:04.595Z] Saved file {"file":"css/css2_q_family-Roboto_wght_300_400_500-display-swap.css","bytes":768}
[2026-07-13T04:48:05.039Z] Saved file {"file":"css/icon_q_family-Material_Icons.css","bytes":475}
[2026-07-13T04:48:06.173Z] Saved file {"file":"fonts/ajax/libs/font-awesome/4.7.0/fonts/fontawesome-webfont_q_v-4.7.0.eot","bytes":165742}
[2026-07-13T04:48:06.452Z] Saved file {"file":"fonts/ajax/libs/font-awesome/4.7.0/fonts/fontawesome-webfont.eot","bytes":165742}
[2026-07-13T04:48:06.714Z] Saved file {"file":"fonts/ajax/libs/font-awesome/4.7.0/fonts/fontawesome-webfont_q_v-4.7.0.woff2","bytes":77160}
[2026-07-13T04:48:06.986Z] Saved file {"file":"fonts/ajax/libs/font-awesome/4.7.0/fonts/fontawesome-webfont_q_v-4.7.0.woff","bytes":98024}
[2026-07-13T04:48:07.287Z] Saved file {"file":"fonts/ajax/libs/font-awesome/4.7.0/fonts/fontawesome-webfont_q_v-4.7.0.ttf","bytes":165548}
[2026-07-13T04:48:07.717Z] Saved file {"file":"images/ajax/libs/font-awesome/4.7.0/fonts/fontawesome-webfont_q_v-4.7.0.svg","bytes":444379}
[2026-07-13T04:48:09.281Z] Saved file {"file":"fonts/fa-brands-400.30c252b60a43c17c.woff2","bytes":105376}
[2026-07-13T04:48:10.396Z] Saved file {"file":"fonts/fa-brands-400.04639e675f3ad19d.ttf","bytes":181504}
[2026-07-13T04:48:13.200Z] Saved file {"file":"fonts/fa-duotone-900.8372a4c6bd8644ad.ttf","bytes":1097748}
[2026-07-13T04:48:14.130Z] Saved file {"file":"fonts/fa-light-300.95275b21d02271e3.woff2","bytes":381828}
[2026-07-13T04:48:15.673Z] Saved file {"file":"fonts/fa-light-300.022a57013d7b3353.ttf","bytes":971148}
[2026-07-13T04:48:16.280Z] Saved file {"file":"fonts/fa-regular-400.8576d7cefc8b8922.woff2","bytes":349924}
[2026-07-13T04:48:17.430Z] Saved file {"file":"fonts/fa-regular-400.8a40ed10e643ee0a.ttf","bytes":862360}
[2026-07-13T04:48:17.902Z] Saved file {"file":"fonts/fa-solid-900.bfed0292989d50b8.woff2","bytes":297064}
[2026-07-13T04:48:18.920Z] Saved file {"file":"fonts/fa-solid-900.464668fa4a5ecf05.ttf","bytes":757720}
[2026-07-13T04:48:19.490Z] Saved file {"file":"fonts/fa-thin-100.534107bfe356b8f0.woff2","bytes":418280}
[2026-07-13T04:48:20.696Z] Saved file {"file":"fonts/fa-thin-100.a80668846623824d.ttf","bytes":1068968}
[2026-07-13T04:48:20.860Z] Saved file {"file":"images/icon-info.8a3c51aae01eccf6.png","bytes":339}
[2026-07-13T04:48:21.027Z] Saved file {"file":"assets/images/icons/input_loader.svg","bytes":1000}
[2026-07-13T04:48:21.214Z] Saved file {"file":"images/pointer-icon.f1f1dfd3dbaf8f08.png","bytes":313}
[2026-07-13T04:48:24.105Z] Saved file {"file":"images/login-image.7143793c0b0d82d2.png","bytes":3314524}
[2026-07-13T04:48:25.047Z] Saved file {"file":"fonts/s/roboto/v51/KFOMCnqEu92Fr1ME7kSn66aGLdTylUAMQXC89YmC2DPNWuaabWmT.ttf","bytes":123812}
[2026-07-13T04:48:25.345Z] Saved file {"file":"fonts/s/roboto/v51/KFOMCnqEu92Fr1ME7kSn66aGLdTylUAMQXC89YmC2DPNWubEbWmT.ttf","bytes":123720}
[2026-07-13T04:48:25.968Z] Saved file {"file":"fonts/s/roboto/v51/KFOMCnqEu92Fr1ME7kSn66aGLdTylUAMQXC89YmC2DPNWub2bWmT.ttf","bytes":123904}
[2026-07-13T04:48:26.386Z] Saved file {"file":"fonts/s/materialicons/v145/flUhRq6tzZclQEJ-Vdg-IuiaDsNZ.ttf","bytes":356840}
[2026-07-13T04:48:26.404Z] Saved file {"file":"css/ajax/libs/font-awesome/4.7.0/css/font-awesome.min.css","bytes":35880}
[2026-07-13T04:48:26.449Z] Saved file {"file":"css/styles.0061646dd92f4e03.css","bytes":1216368}
[2026-07-13T04:48:26.471Z] Saved file {"file":"css/css2_q_family-Roboto_wght_300_400_500-display-swap.css","bytes":723}
[2026-07-13T04:48:26.494Z] Saved file {"file":"css/icon_q_family-Material_Icons.css","bytes":459}
[2026-07-13T04:48:26.625Z] Saved file {"file":"files-portal/U2FsdGVkX1_Stmj8z2ZO1120kZBNgAbUQOrF9QCZ_HGXGdE6r14q851ZJUxEa2LKp8YDRxqzaCf3hBGS9a3GtjdYgw/index.html","bytes":2034709}
[2026-07-13T04:48:26.661Z] Saved file {"file":"index.html","bytes":2034485}
[2026-07-13T04:48:26.663Z] Saved file {"file":"clone-report.html","bytes":2323}
[2026-07-13T04:48:26.765Z] Export verification passed
[2026-07-13T04:48:26.932Z] Clone complete {"outDir":"C:\\Users\\mahmo\\Desktop\\react-cloner-pro-v5\\react-cloner\\output","pages":1,"files":53}
